[01m[K/home/hmt/shortest_path_weighted/src/shortest_path_viz/src/shortest_path_visualizer.cpp:[m[K In member function â€˜[01m[Kvoid ShortestPathVisualizer::setup_polyhedron()[m[Kâ€™:
[01m[K/home/hmt/shortest_path_weighted/src/shortest_path_viz/src/shortest_path_visualizer.cpp:63:20:[m[K [01;31m[Kerror: [m[Kâ€˜[01m[Kclass Polyhedron[m[Kâ€™ has no member named â€˜[01m[KbuildApproximationGraph[m[Kâ€™
   63 |         if (!poly_.[01;31m[KbuildApproximationGraph[m[K()) {
      |                    [01;31m[K^~~~~~~~~~~~~~~~~~~~~~~[m[K
[01m[K/home/hmt/shortest_path_weighted/src/shortest_path_viz/src/shortest_path_visualizer.cpp:[m[K In member function â€˜[01m[Kvoid ShortestPathVisualizer::publish_approximation_graph()[m[Kâ€™:
[01m[K/home/hmt/shortest_path_weighted/src/shortest_path_viz/src/shortest_path_visualizer.cpp:232:44:[m[K [01;31m[Kerror: [m[Kâ€˜[01m[Kclass Polyhedron[m[Kâ€™ has no member named â€˜[01m[KgetGraphVertices[m[Kâ€™; did you mean â€˜[01m[KgetVertices[m[Kâ€™?
  232 |         const auto& graph_vertices = poly_.[01;31m[KgetGraphVertices[m[K();
      |                                            [01;31m[K^~~~~~~~~~~~~~~~[m[K
      |                                            [32m[KgetVertices[m[K
[01m[K/home/hmt/shortest_path_weighted/src/shortest_path_viz/src/shortest_path_visualizer.cpp:233:41:[m[K [01;31m[Kerror: [m[Kâ€˜[01m[Kclass Polyhedron[m[Kâ€™ has no member named â€˜[01m[KgetGraphEdges[m[Kâ€™; did you mean â€˜[01m[KgetHalfEdges[m[Kâ€™?
  233 |         const auto& graph_edges = poly_.[01;31m[KgetGraphEdges[m[K();
      |                                         [01;31m[K^~~~~~~~~~~~~[m[K
      |                                         [32m[KgetHalfEdges[m[K
gmake[2]: *** [CMakeFiles/shortest_path_visualizer.dir/build.make:76: CMakeFiles/shortest_path_visualizer.dir/src/shortest_path_visualizer.cpp.o] Error 1
gmake[1]: *** [CMakeFiles/Makefile2:137: CMakeFiles/shortest_path_visualizer.dir/all] Error 2
gmake: *** [Makefile:146: all] Error 2
